<?xml version="1.0" encoding="UTF-8"?>
<!-- Generated by org.testng.reporters.JUnitXMLReporter -->
<testsuite ignored="1" hostname="Gromova" failures="1" tests="1" name="Chrome" time="67.983" errors="0" timestamp="2021-10-19T14:17:55 MSK">
  <testcase classname="org.project.tests.LoginTest" name="validLoginTest" time="65.401">
    <failure type="com.codeborne.selenide.ex.ElementShould" message="Element should have text &amp;apos;MY ACCOUNT&amp;apos; {h1}
Element: &amp;apos;&amp;lt;h1 class=&amp;quot;page-heading&amp;quot;&amp;gt;AUTHENTICATION&amp;lt;/h1&amp;gt;&amp;apos;
Actual value: AUTHENTICATION
Page source: file:/D:/project/Project_automationpractice/build/reports/tests/1634642273703.0.html
Timeout: 10 s.">
      <![CDATA[Element should have text 'MY ACCOUNT' {h1}
Element: '<h1 class="page-heading">AUTHENTICATION</h1>'
Actual value: AUTHENTICATION
Page source: file:/D:/project/Project_automationpractice/build/reports/tests/1634642273703.0.html
Timeout: 10 s.
at com.codeborne.selenide.impl.WebElementSource.checkCondition(WebElementSource.java:121)
at com.codeborne.selenide.commands.Should.execute(Should.java:30)
at com.codeborne.selenide.commands.Should.execute(Should.java:14)
at com.codeborne.selenide.commands.Commands.execute(Commands.java:157)
at com.codeborne.selenide.impl.SelenideElementProxy.dispatchAndRetry(SelenideElementProxy.java:134)
at com.codeborne.selenide.impl.SelenideElementProxy.invoke(SelenideElementProxy.java:86)
at jdk.proxy2/jdk.proxy2.$Proxy15.shouldHave(Unknown Source)
at org.project.pages.AccountPage.checkTitle(AccountPage.java:20)
at org.project.tests.LoginTest.validLoginTest(LoginTest.java:22)
at java.base/java.util.ArrayList.forEach(ArrayList.java:1511)
... Removed 31 stack frames]]>
    </failure>
  </testcase> <!-- validLoginTest -->
  <testcase classname="org.project.tests.LoginTest" name="invalidLoginTest" time="0.0">
    <ignored/>
  </testcase> <!-- invalidLoginTest -->
</testsuite> <!-- Chrome -->
