<?xml version="1.0" encoding="UTF-8"?>
<testsuite xmlns:xsi="http://www.w3.org/2001/XMLSchema-instance" xsi:noNamespaceSchemaLocation="https://maven.apache.org/surefire/maven-surefire-plugin/xsd/surefire-test-report.xsd" name="TestSuite" time="131.639" tests="1" errors="0" skipped="0" failures="1">
  <properties>
[...]
</properties>
  <testcase name="validLoginTest" classname="org.project.tests.LoginTest" time="103.909">
    <failure message="Element should have text &apos;MY ACCOUNT&apos; {h1}&#10;Element: &apos;&lt;h1 class=&quot;page-heading&quot;&gt;AUTHENTICATION&lt;/h1&gt;&apos;&#10;Actual value: AUTHENTICATION&#10;Timeout: 10 s." type="com.codeborne.selenide.ex.ElementShould"><![CDATA[com.codeborne.selenide.ex.ElementShould: 
Element should have text 'MY ACCOUNT' {h1}
Element: '<h1 class="page-heading">AUTHENTICATION</h1>'
Actual value: AUTHENTICATION
Timeout: 10 s.
	at org.project.tests.LoginTest.validLoginTest(LoginTest.java:24)
]]></failure>
    <system-err><![CDATA[log4j:WARN No appenders could be found for logger (com.automation.remarks.video.recorder.ffmpeg.FFMpegRecorder).
log4j:WARN Please initialize the log4j system properly.
log4j:WARN See http://logging.apache.org/log4j/1.2/faq.html#noconfig for more info.
[main] INFO com.codeborne.selenide.impl.WebDriverThreadLocalContainer - No webdriver is bound to current thread: 1 - let's create a new webdriver
[main] INFO com.codeborne.selenide.impl.FileHelper - Creating folder: D:\project\Project_automationpractice\build\downloads\1634729467618_2908_1
[main] INFO io.github.bonigarcia.wdm.WebDriverManager - Using chromedriver 95.0.4638.17 (resolved driver for Chrome 95)
[main] INFO io.github.bonigarcia.wdm.WebDriverManager - Exporting webdriver.chrome.driver as C:\Users\Komp\.cache\selenium\chromedriver\win32\95.0.4638.17\chromedriver.exe
Starting ChromeDriver 95.0.4638.17 (a9d0719444d4b035e284ed1fce73bf6ccd789df2-refs/branch-heads/4638@{#178}) on port 31119
Only local connections are allowed.
Please see https://chromedriver.chromium.org/security-considerations for suggestions on keeping ChromeDriver safe.
ChromeDriver was started successfully.
окт. 20, 2021 2:32:09 PM org.openqa.selenium.remote.ProtocolHandshake createSession
INFO: Detected dialect: W3C
[main] INFO com.codeborne.selenide.webdriver.HttpClientTimeouts - Changed connectTimeout from 120000 to 60000
[main] INFO com.codeborne.selenide.webdriver.HttpClientTimeouts - Changed readTimeout from 10800000 to 120000
[main] INFO com.codeborne.selenide.webdriver.BrowserResizer - Set browser size to 1366x768
[main] INFO com.codeborne.selenide.webdriver.WebDriverFactory - BrowserName=chrome Version=95.0.4638.54 Platform=WINDOWS
[main] INFO com.codeborne.selenide.webdriver.WebDriverFactory - Selenide v. 5.25.0
[main] INFO com.codeborne.selenide.webdriver.WebDriverFactory - Selenium WebDriver v. 3.141.59 build time: 2018-11-14T08:17:03
[main] INFO com.codeborne.selenide.drivercommands.CreateDriverCommand - Create webdriver in current thread 1: ChromeDriver -> ChromeDriver: chrome on WINDOWS (436e1862888ad659fac256c7eb90ca8b)
]]></system-err>
  </testcase>
</testsuite>