<?xml version="1.0" encoding="UTF-8"?>
<testng-results ignored="1" total="2" passed="0" failed="1" skipped="0">
  <reporter-output>
  </reporter-output>
  <suite started-at="2021-10-20T14:30:43 MSK" name="Suite" finished-at="2021-10-20T14:32:50 MSK" duration-ms="126958">
    <groups>
    </groups>
    <test started-at="2021-10-20T14:30:43 MSK" name="Chrome" finished-at="2021-10-20T14:32:50 MSK" duration-ms="126958">
      <class name="org.project.tests.LoginTest">
        <test-method is-config="true" signature="beforeSuit()[pri:0, instance:org.project.tests.LoginTest@7ed9ae94]" started-at="2021-10-20T14:30:43 MSK" name="beforeSuit" finished-at="2021-10-20T14:30:43 MSK" duration-ms="133" status="PASS">
          <reporter-output>
          </reporter-output>
        </test-method> <!-- beforeSuit -->
        <test-method is-config="true" signature="beforeMethod(java.lang.String)[pri:0, instance:org.project.tests.LoginTest@7ed9ae94]" started-at="2021-10-20T14:30:47 MSK" name="beforeMethod" finished-at="2021-10-20T14:30:47 MSK" duration-ms="1" status="PASS">
          <params>
            <param index="0">
              <value>
                <![CDATA[chrome]]>
              </value>
            </param>
          </params>
          <reporter-output>
          </reporter-output>
        </test-method> <!-- beforeMethod -->
        <test-method signature="validLoginTest(org.project.pojo.User)[pri:0, instance:org.project.tests.LoginTest@7ed9ae94]" started-at="2021-10-20T14:30:49 MSK" name="validLoginTest" data-provider="getValidEmailAddressAndPassword" finished-at="2021-10-20T14:32:44 MSK" duration-ms="114900" status="FAIL">
          <params>
            <param index="0">
              <value>
                <![CDATA[org.project.pojo.User@668625f5]]>
              </value>
            </param>
          </params>
          <exception class="com.codeborne.selenide.ex.ElementShould">
            <message>
              <![CDATA[Element should have text 'MY ACCOUNT' {h1}
Element: '<h1 class="page-heading">AUTHENTICATION</h1>'
Actual value: AUTHENTICATION
Timeout: 10 s.]]>
            </message>
            <full-stacktrace>
              <![CDATA[Element should have text 'MY ACCOUNT' {h1}
Element: '<h1 class="page-heading">AUTHENTICATION</h1>'
Actual value: AUTHENTICATION
Timeout: 10 s.
at com.codeborne.selenide.impl.WebElementSource.checkCondition(WebElementSource.java:121)
at com.codeborne.selenide.commands.Should.execute(Should.java:30)
at com.codeborne.selenide.commands.Should.execute(Should.java:14)
at com.codeborne.selenide.commands.Commands.execute(Commands.java:157)
at com.codeborne.selenide.impl.SelenideElementProxy.dispatchAndRetry(SelenideElementProxy.java:134)
at com.codeborne.selenide.impl.SelenideElementProxy.invoke(SelenideElementProxy.java:86)
at jdk.proxy2/jdk.proxy2.$Proxy22.shouldHave(Unknown Source)
at org.project.pages.AccountPage.checkTitle(AccountPage.java:20)
at org.project.tests.LoginTest.validLoginTest(LoginTest.java:24)
at java.base/jdk.internal.reflect.NativeMethodAccessorImpl.invoke0(Native Method)
at java.base/jdk.internal.reflect.NativeMethodAccessorImpl.invoke(NativeMethodAccessorImpl.java:77)
at java.base/jdk.internal.reflect.DelegatingMethodAccessorImpl.invoke(DelegatingMethodAccessorImpl.java:43)
at java.base/java.lang.reflect.Method.invoke(Method.java:568)
at org.testng.internal.MethodInvocationHelper.invokeMethod(MethodInvocationHelper.java:133)
at org.testng.internal.TestInvoker.invokeMethod(TestInvoker.java:598)
at org.testng.internal.TestInvoker.invokeTestMethod(TestInvoker.java:173)
at org.testng.internal.MethodRunner.runInSequence(MethodRunner.java:46)
at org.testng.internal.TestInvoker$MethodInvocationAgent.invoke(TestInvoker.java:824)
at org.testng.internal.TestInvoker.invokeTestMethods(TestInvoker.java:146)
at org.testng.internal.TestMethodWorker.invokeTestMethods(TestMethodWorker.java:146)
at org.testng.internal.TestMethodWorker.run(TestMethodWorker.java:128)
at java.base/java.util.ArrayList.forEach(ArrayList.java:1511)
at org.testng.TestRunner.privateRun(TestRunner.java:794)
at org.testng.TestRunner.run(TestRunner.java:596)
at org.testng.SuiteRunner.runTest(SuiteRunner.java:377)
at org.testng.SuiteRunner.runSequentially(SuiteRunner.java:371)
at org.testng.SuiteRunner.privateRun(SuiteRunner.java:332)
at org.testng.SuiteRunner.run(SuiteRunner.java:276)
at org.testng.SuiteRunnerWorker.runSuite(SuiteRunnerWorker.java:53)
at org.testng.SuiteRunnerWorker.run(SuiteRunnerWorker.java:96)
at org.testng.TestNG.runSuitesSequentially(TestNG.java:1212)
at org.testng.TestNG.runSuitesLocally(TestNG.java:1134)
at org.testng.TestNG.runSuites(TestNG.java:1063)
at org.testng.TestNG.run(TestNG.java:1031)
at org.apache.maven.surefire.testng.TestNGExecutor.run(TestNGExecutor.java:283)
at org.apache.maven.surefire.testng.TestNGXmlTestSuite.execute(TestNGXmlTestSuite.java:75)
at org.apache.maven.surefire.testng.TestNGProvider.invoke(TestNGProvider.java:120)
at org.apache.maven.surefire.booter.ForkedBooter.invokeProviderInSameClassLoader(ForkedBooter.java:384)
at org.apache.maven.surefire.booter.ForkedBooter.runSuitesInProcess(ForkedBooter.java:345)
at org.apache.maven.surefire.booter.ForkedBooter.execute(ForkedBooter.java:126)
at org.apache.maven.surefire.booter.ForkedBooter.main(ForkedBooter.java:418)
]]>
            </full-stacktrace>
          </exception> <!-- com.codeborne.selenide.ex.ElementShould -->
          <reporter-output>
          </reporter-output>
        </test-method> <!-- validLoginTest -->
        <test-method is-config="true" signature="afterMethod()[pri:0, instance:org.project.tests.LoginTest@7ed9ae94]" started-at="2021-10-20T14:32:49 MSK" name="afterMethod" finished-at="2021-10-20T14:32:50 MSK" duration-ms="1106" status="PASS">
          <reporter-output>
          </reporter-output>
        </test-method> <!-- afterMethod -->
        <test-method is-config="true" signature="afterSuite()[pri:0, instance:org.project.tests.LoginTest@7ed9ae94]" started-at="2021-10-20T14:32:50 MSK" name="afterSuite" finished-at="2021-10-20T14:32:50 MSK" duration-ms="47" status="PASS">
          <reporter-output>
          </reporter-output>
        </test-method> <!-- afterSuite -->
      </class> <!-- org.project.tests.LoginTest -->
    </test> <!-- Chrome -->
  </suite> <!-- Suite -->
</testng-results>
